OUT: -------------------------------------------------------------------------------
OUT: TEST BUILD: C:\Projects\Scala-Maven\maven-scala-plugin\src\it\testJavaAndScala\pom.xml
OUT: Goals: clean scala:compile compile
OUT: -------------------------------------------------------------------------------
OUT: + Error stacktraces are turned on.
OUT: [INFO] Scanning for projects...
OUT: [INFO] Searching repository for plugin with prefix: 'scala'.
OUT: [INFO] ------------------------------------------------------------------------
OUT: [INFO] Building Test for Java + Scala compilation
OUT: [INFO]    task-segment: [clean, scala:compile, compile]
OUT: [INFO] ------------------------------------------------------------------------
OUT: [INFO] [clean:clean]
OUT: [WARNING] Attempting to build MavenProject instance for Artifact (org.scala-tools:maven-scala-plugin:testing) of type: maven-plugin; constructing POM artifact instead.
OUT: [INFO] [scala:compile]
OUT: [ERROR] C:\Projects\Scala-Maven\maven-scala-plugin\src\it\testJavaAndScala\src\main\java
OUT: [ERROR] C:\Projects\Scala-Maven\maven-scala-plugin\src\it\testJavaAndScala\src\main\java\..\scala
OUT: [INFO] Compiling 3 source files to C:\Projects\Scala-Maven\maven-scala-plugin\src\it\testJavaAndScala\target\classes
OUT: [INFO] [resources:resources]
OUT: [INFO] Using default encoding to copy filtered resources.
OUT: [INFO] [compiler:compile]
OUT: [INFO] Compiling 2 source files to C:\Projects\Scala-Maven\maven-scala-plugin\src\it\testJavaAndScala\target\classes
OUT: [INFO] [scala:compile {execution: scala-compile}]
OUT: [ERROR] C:\Projects\Scala-Maven\maven-scala-plugin\src\it\testJavaAndScala\src\main\java
OUT: [ERROR] C:\Projects\Scala-Maven\maven-scala-plugin\src\it\testJavaAndScala\src\main\java\..\scala
OUT: [INFO] Nothing to compile - all classes are up to date
OUT: [INFO] [compiler:compile {execution: default}]
OUT: [INFO] Nothing to compile - all classes are up to date
OUT: [INFO] ------------------------------------------------------------------------
OUT: [INFO] BUILD SUCCESSFUL
OUT: [INFO] ------------------------------------------------------------------------
OUT: [INFO] Total time: 5 seconds
OUT: [INFO] Finished at: Thu Oct 30 21:42:28 EDT 2008
OUT: [INFO] Final Memory: 9M/17M
OUT: [INFO] ------------------------------------------------------------------------
OUT: -------------------------------------------------------------------------------
OUT: SUCCESS
OUT: -------------------------------------------------------------------------------
