OUT: -------------------------------------------------------------------------------
OUT: TEST BUILD: C:\Projects\Scala-Maven\maven-scala-plugin\src\it\test1\pom.xml
OUT: Goals: clean compile
OUT: -------------------------------------------------------------------------------
OUT: + Error stacktraces are turned on.
OUT: [INFO] Scanning for projects...
OUT: [INFO] ------------------------------------------------------------------------
OUT: [INFO] Building Test compilation pulls version from dependency
OUT: [INFO]    task-segment: [clean, compile]
OUT: [INFO] ------------------------------------------------------------------------
OUT: [INFO] [clean:clean]
OUT: [INFO] [resources:resources]
OUT: [INFO] Using default encoding to copy filtered resources.
OUT: [INFO] [compiler:compile]
OUT: [INFO] No sources to compile
OUT: [WARNING] Attempting to build MavenProject instance for Artifact (org.scala-tools:maven-scala-plugin:testing) of type: maven-plugin; constructing POM artifact instead.
OUT: [INFO] [scala:compile {execution: default}]
OUT: [ERROR] C:\Projects\Scala-Maven\maven-scala-plugin\src\it\test1\src\main\java
OUT: [ERROR] C:\Projects\Scala-Maven\maven-scala-plugin\src\it\test1\src\main\java\..\scala
OUT: [INFO] Compiling 1 source files to C:\Projects\Scala-Maven\maven-scala-plugin\src\it\test1\target\classes
OUT: [INFO] ------------------------------------------------------------------------
OUT: [INFO] BUILD SUCCESSFUL
OUT: [INFO] ------------------------------------------------------------------------
OUT: [INFO] Total time: 5 seconds
OUT: [INFO] Finished at: Thu Oct 30 21:42:22 EDT 2008
OUT: [INFO] Final Memory: 7M/15M
OUT: [INFO] ------------------------------------------------------------------------
OUT: -------------------------------------------------------------------------------
OUT: SUCCESS
OUT: -------------------------------------------------------------------------------
