OUT: -------------------------------------------------------------------------------
OUT: TEST BUILD: C:\Projects\Scala-Maven\maven-scala-plugin\src\it\liftone\pom.xml
OUT: Goals: clean package
OUT: -------------------------------------------------------------------------------
OUT: + Error stacktraces are turned on.
OUT: [INFO] Scanning for projects...
OUT: [INFO] ------------------------------------------------------------------------
OUT: [INFO] Building liftone
OUT: [INFO]    task-segment: [clean, package]
OUT: [INFO] ------------------------------------------------------------------------
OUT: [INFO] [clean:clean]
OUT: [INFO] [resources:resources]
OUT: [INFO] Using default encoding to copy filtered resources.
OUT: [INFO] [yuicompressor:compress {execution: default}]
OUT: [INFO] nb warnings: 0, nb errors: 0
OUT: Downloading: http://scala-tools.org/repo-releases/org/igniterealtime/smack/smack/3.0.4/smack-3.0.4.pom
OUT: Downloading: http://repo1.maven.org/maven2/org/igniterealtime/smack/smack/3.0.4/smack-3.0.4.pom
OUT: Downloading: http://scala-tools.org/repo-releases/org/igniterealtime/smack/smackx/3.0.4/smackx-3.0.4.pom
OUT: Downloading: http://repo1.maven.org/maven2/org/igniterealtime/smack/smackx/3.0.4/smackx-3.0.4.pom
OUT: [INFO] [compiler:compile]
OUT: [INFO] Nothing to compile - all classes are up to date
OUT: [WARNING] Attempting to build MavenProject instance for Artifact (org.scala-tools:maven-scala-plugin:testing) of type: maven-plugin; constructing POM artifact instead.
OUT: [INFO] [scala:compile {execution: default}]
OUT: [ERROR] C:\Projects\Scala-Maven\maven-scala-plugin\src\it\liftone\src\main\scala
OUT: [ERROR] C:\Projects\Scala-Maven\maven-scala-plugin\src\it\liftone\src\main\scala\..\scala
OUT: [INFO] Compiling 3 source files to C:\Projects\Scala-Maven\maven-scala-plugin\src\it\liftone\target\classes
OUT: [INFO] [resources:testResources]
OUT: [INFO] Using default encoding to copy filtered resources.
OUT: [INFO] [compiler:testCompile]
OUT: [INFO] Nothing to compile - all classes are up to date
OUT: [INFO] [scala:testCompile {execution: default}]
OUT: [ERROR] C:\Projects\Scala-Maven\maven-scala-plugin\src\it\liftone\src\test\scala
OUT: [ERROR] C:\Projects\Scala-Maven\maven-scala-plugin\src\it\liftone\src\test\scala\..\scala
OUT: [INFO] Compiling 3 source files to C:\Projects\Scala-Maven\maven-scala-plugin\src\it\liftone\target\test-classes
OUT: [INFO] [surefire:test]
OUT: [INFO] Surefire report directory: C:\Projects\Scala-Maven\maven-scala-plugin\src\it\liftone\target\surefire-reports
OUT: -------------------------------------------------------
OUT:  T E S T S
OUT: -------------------------------------------------------
OUT: Running com.liftone.AppTest
OUT: Tests run: 1, Failures: 0, Errors: 0, Skipped: 0, Time elapsed: 0.046 sec
OUT: Results :
OUT: Tests run: 1, Failures: 0, Errors: 0, Skipped: 0
OUT: [INFO] [war:war]
OUT: [INFO] Packaging webapp
OUT: [INFO] Assembling webapp[liftone] in [C:\Projects\Scala-Maven\maven-scala-plugin\src\it\liftone\target\liftone-1.0-SNAPSHOT]
OUT: [INFO] Processing war project
OUT: [INFO] Webapp assembled in[2344 msecs]
OUT: [INFO] Building war: C:\Projects\Scala-Maven\maven-scala-plugin\src\it\liftone\target\liftone-1.0-SNAPSHOT.war
OUT: [INFO] ------------------------------------------------------------------------
OUT: [INFO] BUILD SUCCESSFUL
OUT: [INFO] ------------------------------------------------------------------------
OUT: [INFO] Total time: 1 minute 27 seconds
OUT: [INFO] Finished at: Thu Oct 30 21:42:15 EDT 2008
OUT: [INFO] Final Memory: 14M/25M
OUT: [INFO] ------------------------------------------------------------------------
OUT: -------------------------------------------------------------------------------
OUT: SUCCESS
OUT: -------------------------------------------------------------------------------
